<?xml version="1.0" encoding="UTF-8"?>
<!-- Generated by org.testng.reporters.JUnitReportReporter -->
<testsuite hostname="IN-PF2BV3FJ" failures="0" tests="2" name="qaclickacademy.AppiumTest" time="0.024" errors="0" timestamp="2022-08-03T12:27:50 IST" skipped="0">
  <testcase classname="qaclickacademy.AppiumTest" name="iosApps" time="0.021"/>
  <system-out/>
  <testcase classname="qaclickacademy.AppiumTest" name="nativeAppAndroid" time="0.003"/>
  <system-out/>
</testsuite> <!-- qaclickacademy.AppiumTest -->
