<?xml version="1.0" encoding="UTF-8"?>
<!-- Generated by org.testng.reporters.JUnitReportReporter -->
<testsuite hostname="IN-PF2BV3FJ" failures="0" tests="2" name="qaclickacademy.RestAPITest" time="0.005" errors="0" timestamp="2022-08-03T12:27:50 IST" skipped="0">
  <testcase classname="qaclickacademy.RestAPITest" name="postJira" time="0.002"/>
  <system-out/>
  <testcase classname="qaclickacademy.RestAPITest" name="deleteTwitter" time="0.003"/>
  <system-out/>
</testsuite> <!-- qaclickacademy.RestAPITest -->
