<?xml version="1.0" encoding="UTF-8"?>
<!-- Generated by org.testng.reporters.JUnitReportReporter -->
<testsuite hostname="IN-PF2BV3FJ" failures="0" tests="2" name="qaclickacademy.SeleniumTest" time="0.003" errors="0" timestamp="2022-08-02T18:05:16 IST" skipped="0">
  <testcase classname="qaclickacademy.SeleniumTest" name="elementsUI" time="0.002"/>
  <system-out/>
  <testcase classname="qaclickacademy.SeleniumTest" name="browserAutomation" time="0.001"/>
  <system-out/>
</testsuite> <!-- qaclickacademy.SeleniumTest -->
